<?xml version="1.0" encoding="UTF-8"?>
<testng-results skipped="0" failed="0" ignored="0" total="1" passed="1">
  <reporter-output>
  </reporter-output>
  <suite name="Default suite" duration-ms="36560" started-at="2020-01-28T18:59:57Z" finished-at="2020-01-28T19:00:33Z">
    <groups>
      <group name="cucumber">
        <method signature="AbstractTestNGCucumberTests.runScenario(io.cucumber.testng.PickleEventWrapper, io.cucumber.testng.CucumberFeatureWrapper)[pri:0, instance:testRunners.LoginRunner@56ef9176]" name="runScenario" class="io.cucumber.testng.AbstractTestNGCucumberTests"/>
      </group> <!-- cucumber -->
    </groups>
    <test name="Default test" duration-ms="36560" started-at="2020-01-28T18:59:57Z" finished-at="2020-01-28T19:00:33Z">
      <class name="testRunners.LoginRunner">
        <test-method status="PASS" signature="setUpClass()[pri:0, instance:testRunners.LoginRunner@56ef9176]" name="setUpClass" is-config="true" duration-ms="206" started-at="2020-01-28T18:59:57Z" finished-at="2020-01-28T18:59:57Z">
          <reporter-output>
          </reporter-output>
        </test-method> <!-- setUpClass -->
        <test-method status="PASS" signature="runScenario(io.cucumber.testng.PickleEventWrapper, io.cucumber.testng.CucumberFeatureWrapper)[pri:0, instance:testRunners.LoginRunner@56ef9176]" name="runScenario" duration-ms="36226" started-at="2020-01-28T18:59:57Z" description="Runs Cucumber Scenarios" data-provider="scenarios" finished-at="2020-01-28T19:00:33Z">
          <params>
            <param index="0">
              <value>
                <![CDATA["Login correcto"]]>
              </value>
            </param>
            <param index="1">
              <value>
                <![CDATA["login y compra"]]>
              </value>
            </param>
          </params>
          <reporter-output>
          </reporter-output>
        </test-method> <!-- runScenario -->
        <test-method status="PASS" signature="tearDownClass()[pri:0, instance:testRunners.LoginRunner@56ef9176]" name="tearDownClass" is-config="true" duration-ms="4" started-at="2020-01-28T19:00:33Z" finished-at="2020-01-28T19:00:33Z">
          <reporter-output>
          </reporter-output>
        </test-method> <!-- tearDownClass -->
      </class> <!-- testRunners.LoginRunner -->
    </test> <!-- Default test -->
  </suite> <!-- Default suite -->
</testng-results>
